This is METAFONT, Version 2.71828182 (preloaded base=mf 2023.10.5)  7 JUN 2024 11:07
**flaskServerTaskDef.json flaskModelsServerTaskDef.json
(flaskServerTaskDef.json
! A statement can't begin with `{'.
<to be read again> 
                   {
l.1 {
     
? 
! Extra tokens will be flushed.
<to be read again> 
                   {
l.1 {
     
? 
! Enormous number has been reduced.
l.18           "containerPort": 5000
                                    ,
? 
! Enormous number has been reduced.
l.19           "hostPort": 5000
                               ,
? 
)
! File ended while scanning to the end of the statement.
<inserted text> 
                ;
<*> flaskServerTaskDef.json
                            flaskModelsServerTaskDef.json
? 

*
(Please type a command or say `end')
*
(Please type a command or say `end')
*
(Please type a command or say `end')
*
(Please type a command or say `end')
*
(Please type a command or say `end')
*
(Please type a command or say `end')
*
(Please type a command or say `end')
*
(Please type a command or say `end')
*
(Please type a command or say `end')
*
(Please type a command or say `end')
*
(Please type a command or say `end')
*
(Please type a command or say `end')
*
(Please type a command or say `end')
*
(Please type a command or say `end')
*
(Please type a command or say `end')
*
(Please type a command or say `end')
*
(Please type a command or say `end')
*
(Please type a command or say `end')
*
(Please type a command or say `end')
*
(Please type a command or say `end')
*
(Please type a command or say `end')
*
(Please type a command or say `end')
*
(Please type a command or say `end')
*
(Please type a command or say `end')
*end

